<?xml version="1.0" encoding="UTF-8"?>
<!-- Generated by org.testng.reporters.JUnitReportReporter -->
<testsuite hostname="DESKTOP-6MLC63T" failures="0" tests="1" name="com.actitime.generic.BaseClass" time="0.028" errors="0" timestamp="2023-05-19T18:25:57 IST" skipped="0">
  <testcase classname="com.actitime.generic.BaseClass" name="testMethod" time="0.028"/>
  <system-out>
    <![CDATA[TestMethod]]>
  </system-out>
</testsuite> <!-- com.actitime.generic.BaseClass -->
