<?xml version="1.0" encoding="UTF-8"?>
<!-- Generated by org.testng.reporters.JUnitReportReporter -->
<testsuite hostname="DESKTOP-6MLC63T" failures="0" tests="3" name="com.actitime.testscript.ProjectModule" time="0.097" errors="0" timestamp="2023-05-13T11:21:36 IST" skipped="0">
  <testcase classname="com.actitime.testscript.ProjectModule" name="modifyModule" time="0.021"/>
  <system-out>
    <![CDATA[ModifyModule]]>
  </system-out>
  <testcase classname="com.actitime.testscript.ProjectModule" name="deleteModule" time="0.020"/>
  <system-out>
    <![CDATA[DeleteModule]]>
  </system-out>
  <testcase classname="com.actitime.testscript.ProjectModule" name="createModule" time="0.056"/>
  <system-out>
    <![CDATA[CreateModule]]>
  </system-out>
</testsuite> <!-- com.actitime.testscript.ProjectModule -->
