<?xml version="1.0" encoding="UTF-8"?>
<!-- Generated by org.testng.reporters.JUnitReportReporter -->
<testsuite hostname="DESKTOP-6MLC63T" failures="0" tests="4" name="com.actitime.testscript.Wishes" time="0.046" errors="0" timestamp="2023-05-12T15:32:11 IST" skipped="0">
  <testcase classname="com.actitime.testscript.Wishes" name="morning" time="0.031"/>
  <system-out>
    <![CDATA[GoodMorning]]>
  </system-out>
  <testcase classname="com.actitime.testscript.Wishes" name="noon" time="0.004"/>
  <system-out>
    <![CDATA[GoodAfternoon]]>
  </system-out>
  <testcase classname="com.actitime.testscript.Wishes" name="evening" time="0.005"/>
  <system-out>
    <![CDATA[GoodEvening]]>
  </system-out>
  <testcase classname="com.actitime.testscript.Wishes" name="night" time="0.006"/>
  <system-out>
    <![CDATA[GoodNight]]>
  </system-out>
</testsuite> <!-- com.actitime.testscript.Wishes -->
