<?xml version="1.0" encoding="UTF-8"?>
<!-- Generated by org.testng.reporters.JUnitReportReporter -->
<testsuite hostname="DESKTOP-6MLC63T" failures="0" tests="2" name="Annotation.CustomerModule" time="0.047" errors="0" timestamp="2023-05-13T16:58:32 IST" skipped="0">
  <testcase classname="Annotation.CustomerModule" name="createCustomer" time="0.037"/>
  <system-out>
    <![CDATA[CreateCustomer]]>
  </system-out>
  <testcase classname="Annotation.CustomerModule" name="deleteCustomer" time="0.010"/>
  <system-out>
    <![CDATA[DeleteCustomer]]>
  </system-out>
</testsuite> <!-- Annotation.CustomerModule -->
