<?xml version="1.0" encoding="UTF-8"?>
<!-- Generated by org.testng.reporters.JUnitReportReporter -->
<testsuite hostname="DESKTOP-6MLC63T" failures="0" tests="1" name="com.actitime.testscript.DemoTestNG" time="0.012" errors="0" timestamp="2023-05-08T15:49:31 IST" skipped="0">
  <testcase classname="com.actitime.testscript.DemoTestNG" name="demoTest" time="0.012"/>
  <system-out>
    <![CDATA[Hai]]>
  </system-out>
</testsuite> <!-- com.actitime.testscript.DemoTestNG -->
