<?xml version="1.0" encoding="UTF-8"?>
<!-- Generated by org.testng.reporters.JUnitReportReporter -->
<testsuite hostname="DESKTOP-6MLC63T" failures="0" tests="1" name="com.actitime.testscript.CreateTask" time="0.043" errors="0" timestamp="2023-05-13T16:45:02 IST" skipped="0">
  <testcase classname="com.actitime.testscript.CreateTask" name="createTask" time="0.043"/>
  <system-out>
    <![CDATA[CreateTask]]>
  </system-out>
</testsuite> <!-- com.actitime.testscript.CreateTask -->
