<?xml version="1.0" encoding="UTF-8"?>
<!-- Generated by org.testng.reporters.JUnitReportReporter -->
<testsuite hostname="DESKTOP-6MLC63T" failures="0" tests="4" name="com.actitime.testscript.CustomerModule" time="0.180" errors="0" timestamp="2023-05-13T11:23:33 IST" skipped="0">
  <testcase classname="com.actitime.testscript.CustomerModule" name="createCustomer" time="0.005"/>
  <system-out>
    <![CDATA[CreateCustomer]]>
  </system-out>
  <testcase classname="com.actitime.testscript.CustomerModule" name="createCustomer" time="0.078"/>
  <system-out>
    <![CDATA[CreateCustomer]]>
  </system-out>
  <testcase classname="com.actitime.testscript.CustomerModule" name="modifyCustomer" time="0.060"/>
  <system-out>
    <![CDATA[ModifyCustomer]]>
  </system-out>
  <testcase classname="com.actitime.testscript.CustomerModule" name="deleteCustomer" time="0.037"/>
  <system-out>
    <![CDATA[DeleteCustomer]]>
  </system-out>
</testsuite> <!-- com.actitime.testscript.CustomerModule -->
