<?xml version="1.0" encoding="UTF-8"?>
<!-- Generated by org.testng.reporters.JUnitReportReporter -->
<testsuite hostname="DESKTOP-6MLC63T" failures="0" tests="1" name="Annotation.CustomerModule1" time="0.040" errors="0" timestamp="2023-05-13T17:00:58 IST" skipped="0">
  <testcase classname="Annotation.CustomerModule1" name="modifyCustomer" time="0.040"/>
  <system-out>
    <![CDATA[ModifyCustomer]]>
  </system-out>
</testsuite> <!-- Annotation.CustomerModule1 -->
