<?xml version="1.0" encoding="UTF-8"?>
<!-- Generated by org.testng.reporters.JUnitReportReporter -->
<testsuite hostname="DESKTOP-6MLC63T" failures="0" tests="1" name="Assertion.VerifyTitle" time="8.462" errors="0" timestamp="2023-05-05T20:04:07 IST" skipped="0">
  <testcase classname="Assertion.VerifyTitle" name="verifyTitle" time="8.462"/>
  <system-out/>
</testsuite> <!-- Assertion.VerifyTitle -->
